[NX Daemon Server] - 2023-11-18T20:05:22.459Z - Started listening on: \\.\pipe\nx\C:\Users\wojci\AppData\Local\Temp\1de9501f691cd4840302\d.sock
[NX Daemon Server] - 2023-11-18T20:05:22.462Z - [WATCHER]: Subscribed to changes within: c:\School 2023-2024\Graduaatsproef\LiftLab\LiftLab\LiftLab.UI\angularapp (native)
[NX Daemon Server] - 2023-11-18T20:05:22.468Z - Established a connection. Number of open connections: 1
[NX Daemon Server] - 2023-11-18T20:05:22.471Z - Closed a connection. Number of open connections: 0
[NX Daemon Server] - 2023-11-18T20:05:22.471Z - Established a connection. Number of open connections: 1
[NX Daemon Server] - 2023-11-18T20:05:22.473Z - [REQUEST]: Client Request for Project Graph Received
[NX Daemon Server] - 2023-11-18T20:05:22.532Z - [REQUEST]: Updated file-hasher based on watched changes, recomputing project graph...
[NX Daemon Server] - 2023-11-18T20:05:22.533Z - [REQUEST]: 
[NX Daemon Server] - 2023-11-18T20:05:22.533Z - [REQUEST]: 
[NX Daemon Server] - 2023-11-18T20:05:22.584Z - [REQUEST]: Responding to the client. project-graph
[NX Daemon Server] - 2023-11-18T20:05:22.586Z - Time taken for 'total for creating and serializing project graph' 111.63899999856949ms
[NX Daemon Server] - 2023-11-18T20:05:22.587Z - Done responding to the client project-graph
[NX Daemon Server] - 2023-11-18T20:05:22.587Z - Handled REQUEST_PROJECT_GRAPH. Handling time: 111. Response time: 3.
[NX Daemon Server] - 2023-11-18T20:05:22.590Z - Closed a connection. Number of open connections: 0
[NX Daemon Server] - 2023-11-18T20:05:22.591Z - Established a connection. Number of open connections: 1
[NX Daemon Server] - 2023-11-18T20:05:22.591Z - Closed a connection. Number of open connections: 0
[NX Daemon Server] - 2023-11-18T20:05:22.591Z - Established a connection. Number of open connections: 1
[NX Daemon Server] - 2023-11-18T20:05:22.593Z - [REQUEST]: Responding to the client. handleRequestFileData
[NX Daemon Server] - 2023-11-18T20:05:22.593Z - Done responding to the client handleRequestFileData
[NX Daemon Server] - 2023-11-18T20:05:22.593Z - Handled REQUEST_FILE_DATA. Handling time: 1. Response time: 0.
[NX Daemon Server] - 2023-11-18T20:05:47.991Z - Established a connection. Number of open connections: 2
[NX Daemon Server] - 2023-11-18T20:05:47.992Z - Closed a connection. Number of open connections: 1
[NX Daemon Server] - 2023-11-18T20:05:47.993Z - Established a connection. Number of open connections: 2
[NX Daemon Server] - 2023-11-18T20:05:47.995Z - [REQUEST]: Client Request for Project Graph Received
[NX Daemon Server] - 2023-11-18T20:05:47.995Z - [REQUEST]: Responding to the client. project-graph
[NX Daemon Server] - 2023-11-18T20:05:47.996Z - Time taken for 'total for creating and serializing project graph' 0.17760002613067627ms
[NX Daemon Server] - 2023-11-18T20:05:47.996Z - Done responding to the client project-graph
[NX Daemon Server] - 2023-11-18T20:05:47.996Z - Handled REQUEST_PROJECT_GRAPH. Handling time: 0. Response time: 1.
[NX Daemon Server] - 2023-11-18T20:05:48.213Z - [REQUEST]: Responding to the client. handleHashTasks
[NX Daemon Server] - 2023-11-18T20:05:48.214Z - Done responding to the client handleHashTasks
[NX Daemon Server] - 2023-11-18T20:05:48.214Z - Handled HASH_TASKS. Handling time: 26. Response time: 1.
[NX Daemon Server] - 2023-11-18T20:05:50.212Z - Established a connection. Number of open connections: 3
[NX Daemon Server] - 2023-11-18T20:05:50.212Z - Closed a connection. Number of open connections: 2
[NX Daemon Server] - 2023-11-18T20:05:50.213Z - Established a connection. Number of open connections: 3
[NX Daemon Server] - 2023-11-18T20:05:50.215Z - [REQUEST]: Client Request for Project Graph Received
[NX Daemon Server] - 2023-11-18T20:05:50.216Z - [REQUEST]: Responding to the client. project-graph
[NX Daemon Server] - 2023-11-18T20:05:50.217Z - Time taken for 'total for creating and serializing project graph' 0.30420005321502686ms
[NX Daemon Server] - 2023-11-18T20:05:50.219Z - Done responding to the client project-graph
[NX Daemon Server] - 2023-11-18T20:05:50.219Z - Handled REQUEST_PROJECT_GRAPH. Handling time: 1. Response time: 3.
[NX Daemon Server] - 2023-11-18T20:05:50.227Z - Closed a connection. Number of open connections: 2
[NX Daemon Server] - 2023-11-18T20:05:50.257Z - [REQUEST]: Responding to the client. recordOutputsHash
[NX Daemon Server] - 2023-11-18T20:05:50.257Z - Done responding to the client recordOutputsHash
[NX Daemon Server] - 2023-11-18T20:05:50.257Z - Handled RECORD_OUTPUTS_HASH. Handling time: 1. Response time: 0.
[NX Daemon Server] - 2023-11-18T20:05:50.544Z - [REQUEST]: Responding to the client. PROCESS_IN_BACKGROUND
[NX Daemon Server] - 2023-11-18T20:05:50.544Z - Done responding to the client PROCESS_IN_BACKGROUND
[NX Daemon Server] - 2023-11-18T20:05:50.544Z - Handled PROCESS_IN_BACKGROUND. Handling time: 209. Response time: 0.
[NX Daemon Server] - 2023-11-18T20:05:50.545Z - Uploading file artifacts
[NX Daemon Server] - 2023-11-18T20:05:50.545Z - Done uploading file artifacts
[NX Daemon Server] - 2023-11-18T20:05:50.545Z - Sending EndRun request
[NX Daemon Server] - 2023-11-18T20:05:50.579Z - Closed a connection. Number of open connections: 1
[NX Daemon Server] - 2023-11-18T20:05:50.769Z - Done sending EndRun request
[NX Daemon Server] - 2023-11-18T20:06:00.354Z - Established a connection. Number of open connections: 2
[NX Daemon Server] - 2023-11-18T20:06:00.354Z - Closed a connection. Number of open connections: 1
[NX Daemon Server] - 2023-11-18T20:06:00.355Z - Established a connection. Number of open connections: 2
[NX Daemon Server] - 2023-11-18T20:06:00.357Z - [REQUEST]: Client Request for Project Graph Received
[NX Daemon Server] - 2023-11-18T20:06:00.357Z - [REQUEST]: Responding to the client. project-graph
[NX Daemon Server] - 2023-11-18T20:06:00.358Z - Time taken for 'total for creating and serializing project graph' 0.1761000156402588ms
[NX Daemon Server] - 2023-11-18T20:06:00.358Z - Done responding to the client project-graph
[NX Daemon Server] - 2023-11-18T20:06:00.358Z - Handled REQUEST_PROJECT_GRAPH. Handling time: 0. Response time: 1.
[NX Daemon Server] - 2023-11-18T20:06:00.413Z - [REQUEST]: Responding to the client. handleHashTasks
[NX Daemon Server] - 2023-11-18T20:06:00.413Z - Done responding to the client handleHashTasks
[NX Daemon Server] - 2023-11-18T20:06:00.413Z - Handled HASH_TASKS. Handling time: 3. Response time: 0.
[NX Daemon Server] - 2023-11-18T20:06:02.860Z - [REQUEST]: Responding to the client. recordOutputsHash
[NX Daemon Server] - 2023-11-18T20:06:02.860Z - Done responding to the client recordOutputsHash
[NX Daemon Server] - 2023-11-18T20:06:02.860Z - Handled RECORD_OUTPUTS_HASH. Handling time: 1. Response time: 0.
[NX Daemon Server] - 2023-11-18T20:06:02.960Z - [REQUEST]: Responding to the client. PROCESS_IN_BACKGROUND
[NX Daemon Server] - 2023-11-18T20:06:02.961Z - Done responding to the client PROCESS_IN_BACKGROUND
[NX Daemon Server] - 2023-11-18T20:06:02.961Z - Handled PROCESS_IN_BACKGROUND. Handling time: 26. Response time: 1.
[NX Daemon Server] - 2023-11-18T20:06:02.965Z - Closed a connection. Number of open connections: 1
[NX Daemon Server] - 2023-11-18T20:06:02.965Z - Uploading file artifacts
[NX Daemon Server] - 2023-11-18T20:06:02.965Z - Done uploading file artifacts
[NX Daemon Server] - 2023-11-18T20:06:02.965Z - Sending EndRun request
[NX Daemon Server] - 2023-11-18T20:06:03.157Z - Done sending EndRun request
[NX Daemon Server] - 2023-11-18T20:06:13.554Z - Established a connection. Number of open connections: 2
[NX Daemon Server] - 2023-11-18T20:06:13.555Z - Closed a connection. Number of open connections: 1
[NX Daemon Server] - 2023-11-18T20:06:13.555Z - Established a connection. Number of open connections: 2
[NX Daemon Server] - 2023-11-18T20:06:13.557Z - [REQUEST]: Client Request for Project Graph Received
[NX Daemon Server] - 2023-11-18T20:06:13.557Z - [REQUEST]: Responding to the client. project-graph
[NX Daemon Server] - 2023-11-18T20:06:13.558Z - Time taken for 'total for creating and serializing project graph' 0.1477000117301941ms
[NX Daemon Server] - 2023-11-18T20:06:13.559Z - Done responding to the client project-graph
[NX Daemon Server] - 2023-11-18T20:06:13.559Z - Handled REQUEST_PROJECT_GRAPH. Handling time: 0. Response time: 2.
[NX Daemon Server] - 2023-11-18T20:06:13.612Z - [REQUEST]: Responding to the client. handleHashTasks
[NX Daemon Server] - 2023-11-18T20:06:13.613Z - Done responding to the client handleHashTasks
[NX Daemon Server] - 2023-11-18T20:06:13.613Z - Handled HASH_TASKS. Handling time: 3. Response time: 1.
[NX Daemon Server] - 2023-11-18T20:06:14.114Z - Established a connection. Number of open connections: 3
[NX Daemon Server] - 2023-11-18T20:06:14.115Z - Closed a connection. Number of open connections: 2
[NX Daemon Server] - 2023-11-18T20:06:14.115Z - Established a connection. Number of open connections: 3
[NX Daemon Server] - 2023-11-18T20:06:14.117Z - [REQUEST]: Client Request for Project Graph Received
[NX Daemon Server] - 2023-11-18T20:06:14.117Z - [REQUEST]: Responding to the client. project-graph
[NX Daemon Server] - 2023-11-18T20:06:14.118Z - Time taken for 'total for creating and serializing project graph' 0.12699997425079346ms
[NX Daemon Server] - 2023-11-18T20:06:14.118Z - Done responding to the client project-graph
[NX Daemon Server] - 2023-11-18T20:06:14.118Z - Handled REQUEST_PROJECT_GRAPH. Handling time: 0. Response time: 1.
[NX Daemon Server] - 2023-11-18T20:06:19.843Z - [WATCHER]: Processing file changes in outputs
[NX Daemon Server] - 2023-11-18T20:06:20.028Z - [WATCHER]: Processing file changes in outputs
[NX Daemon Server] - 2023-11-18T20:09:40.125Z - Closed a connection. Number of open connections: 2
[NX Daemon Server] - 2023-11-18T20:09:40.133Z - Closed a connection. Number of open connections: 1
[NX Daemon Server] - 2023-11-18T20:50:07.377Z - Started listening on: \\.\pipe\nx\C:\Users\wojci\AppData\Local\Temp\1de9501f691cd4840302\d.sock
[NX Daemon Server] - 2023-11-18T20:50:07.384Z - [WATCHER]: Subscribed to changes within: c:\School 2023-2024\Graduaatsproef\LiftLab\LiftLab\LiftLab.UI\angularapp (native)
[NX Daemon Server] - 2023-11-18T20:50:07.387Z - Established a connection. Number of open connections: 1
[NX Daemon Server] - 2023-11-18T20:50:07.389Z - Closed a connection. Number of open connections: 0
[NX Daemon Server] - 2023-11-18T20:50:07.389Z - Established a connection. Number of open connections: 1
[NX Daemon Server] - 2023-11-18T20:50:07.391Z - [REQUEST]: Client Request for Project Graph Received
[NX Daemon Server] - 2023-11-18T20:50:07.717Z - [REQUEST]: Updated file-hasher based on watched changes, recomputing project graph...
[NX Daemon Server] - 2023-11-18T20:50:07.717Z - [REQUEST]: 
[NX Daemon Server] - 2023-11-18T20:50:07.717Z - [REQUEST]: 
[NX Daemon Server] - 2023-11-18T20:50:07.789Z - [REQUEST]: Responding to the client. project-graph
[NX Daemon Server] - 2023-11-18T20:50:07.790Z - Time taken for 'total for creating and serializing project graph' 397.7844999432564ms
[NX Daemon Server] - 2023-11-18T20:50:07.791Z - Done responding to the client project-graph
[NX Daemon Server] - 2023-11-18T20:50:07.791Z - Handled REQUEST_PROJECT_GRAPH. Handling time: 398. Response time: 2.
[NX Daemon Server] - 2023-11-18T20:50:07.795Z - Closed a connection. Number of open connections: 0
[NX Daemon Server] - 2023-11-18T20:50:07.796Z - Established a connection. Number of open connections: 1
[NX Daemon Server] - 2023-11-18T20:50:07.796Z - Closed a connection. Number of open connections: 0
[NX Daemon Server] - 2023-11-18T20:50:07.796Z - Established a connection. Number of open connections: 1
[NX Daemon Server] - 2023-11-18T20:50:07.798Z - [REQUEST]: Responding to the client. handleRequestFileData
[NX Daemon Server] - 2023-11-18T20:50:07.798Z - Done responding to the client handleRequestFileData
[NX Daemon Server] - 2023-11-18T20:50:07.798Z - Handled REQUEST_FILE_DATA. Handling time: 0. Response time: 0.
[NX Daemon Server] - 2023-11-18T20:50:20.048Z - [WATCHER]: Processing file changes in outputs
[NX Daemon Server] - 2023-11-18T20:50:20.050Z - [WATCHER]: src/app/app.component.html was modified
[NX Daemon Server] - 2023-11-18T20:50:20.181Z - [REQUEST]: Updated file-hasher based on watched changes, recomputing project graph...
[NX Daemon Server] - 2023-11-18T20:50:20.181Z - [REQUEST]: src/app/app.component.html
[NX Daemon Server] - 2023-11-18T20:50:20.181Z - [REQUEST]: 
[NX Daemon Server] - 2023-11-18T20:50:20.256Z - Time taken for 'hash changed files from watcher' 1.504800021648407ms
[NX Daemon Server] - 2023-11-18T20:50:33.614Z - Established a connection. Number of open connections: 2
[NX Daemon Server] - 2023-11-18T20:50:33.615Z - Closed a connection. Number of open connections: 1
[NX Daemon Server] - 2023-11-18T20:50:33.617Z - Established a connection. Number of open connections: 2
[NX Daemon Server] - 2023-11-18T20:50:33.621Z - [REQUEST]: Client Request for Project Graph Received
[NX Daemon Server] - 2023-11-18T20:50:33.621Z - [REQUEST]: Responding to the client. project-graph
[NX Daemon Server] - 2023-11-18T20:50:33.622Z - Time taken for 'total for creating and serializing project graph' 0.28619998693466187ms
[NX Daemon Server] - 2023-11-18T20:50:33.622Z - Done responding to the client project-graph
[NX Daemon Server] - 2023-11-18T20:50:33.623Z - Handled REQUEST_PROJECT_GRAPH. Handling time: 0. Response time: 2.
[NX Daemon Server] - 2023-11-18T20:50:33.981Z - [REQUEST]: Responding to the client. handleHashTasks
[NX Daemon Server] - 2023-11-18T20:50:33.981Z - Done responding to the client handleHashTasks
[NX Daemon Server] - 2023-11-18T20:50:33.981Z - Handled HASH_TASKS. Handling time: 34. Response time: 0.
[NX Daemon Server] - 2023-11-18T20:50:36.413Z - Established a connection. Number of open connections: 3
[NX Daemon Server] - 2023-11-18T20:50:36.413Z - Closed a connection. Number of open connections: 2
[NX Daemon Server] - 2023-11-18T20:50:36.414Z - Established a connection. Number of open connections: 3
[NX Daemon Server] - 2023-11-18T20:50:36.416Z - [REQUEST]: Client Request for Project Graph Received
[NX Daemon Server] - 2023-11-18T20:50:36.416Z - [REQUEST]: Responding to the client. project-graph
[NX Daemon Server] - 2023-11-18T20:50:36.417Z - Time taken for 'total for creating and serializing project graph' 0.16259998083114624ms
[NX Daemon Server] - 2023-11-18T20:50:36.417Z - Done responding to the client project-graph
[NX Daemon Server] - 2023-11-18T20:50:36.417Z - Handled REQUEST_PROJECT_GRAPH. Handling time: 0. Response time: 1.
[NX Daemon Server] - 2023-11-18T20:50:54.280Z - [WATCHER]: Processing file changes in outputs
[NX Daemon Server] - 2023-11-18T20:50:56.036Z - [WATCHER]: Processing file changes in outputs
[NX Daemon Server] - 2023-11-18T20:50:56.099Z - [WATCHER]: Processing file changes in outputs
[NX Daemon Server] - 2023-11-18T20:56:19.944Z - [WATCHER]: src/app/app.component.html was modified
[NX Daemon Server] - 2023-11-18T20:56:19.944Z - [WATCHER]: Processing file changes in outputs
[NX Daemon Server] - 2023-11-18T20:56:20.061Z - [REQUEST]: Updated file-hasher based on watched changes, recomputing project graph...
[NX Daemon Server] - 2023-11-18T20:56:20.061Z - [REQUEST]: src/app/app.component.html
[NX Daemon Server] - 2023-11-18T20:56:20.061Z - [REQUEST]: 
[NX Daemon Server] - 2023-11-18T20:56:20.143Z - Time taken for 'hash changed files from watcher' 0.4031999707221985ms
[NX Daemon Server] - 2023-11-18T20:56:20.160Z - [WATCHER]: Processing file changes in outputs
[NX Daemon Server] - 2023-11-18T20:56:21.407Z - [WATCHER]: Processing file changes in outputs
[NX Daemon Server] - 2023-11-18T21:02:37.411Z - [WATCHER]: Processing file changes in outputs
[NX Daemon Server] - 2023-11-18T21:02:37.413Z - [WATCHER]: src/app/app.component.html was modified
[NX Daemon Server] - 2023-11-18T21:02:37.582Z - [WATCHER]: Processing file changes in outputs
[NX Daemon Server] - 2023-11-18T21:02:37.631Z - [REQUEST]: Updated file-hasher based on watched changes, recomputing project graph...
[NX Daemon Server] - 2023-11-18T21:02:37.631Z - [REQUEST]: src/app/app.component.html
[NX Daemon Server] - 2023-11-18T21:02:37.631Z - [REQUEST]: 
[NX Daemon Server] - 2023-11-18T21:02:37.724Z - Time taken for 'hash changed files from watcher' 0.7613999843597412ms
[NX Daemon Server] - 2023-11-18T21:02:47.391Z - [WATCHER]: src/app/app.component.html was modified
[NX Daemon Server] - 2023-11-18T21:02:47.391Z - [WATCHER]: Processing file changes in outputs
[NX Daemon Server] - 2023-11-18T21:02:47.811Z - [REQUEST]: Updated file-hasher based on watched changes, recomputing project graph...
[NX Daemon Server] - 2023-11-18T21:02:47.811Z - [REQUEST]: src/app/app.component.html
[NX Daemon Server] - 2023-11-18T21:02:47.811Z - [REQUEST]: 
[NX Daemon Server] - 2023-11-18T21:02:47.857Z - Time taken for 'hash changed files from watcher' 0.35259997844696045ms
[NX Daemon Server] - 2023-11-18T21:02:48.610Z - [WATCHER]: Processing file changes in outputs
[NX Daemon Server] - 2023-11-18T21:04:15.943Z - [WATCHER]: src/app/app.component.html was modified
[NX Daemon Server] - 2023-11-18T21:04:15.944Z - [WATCHER]: Processing file changes in outputs
[NX Daemon Server] - 2023-11-18T21:04:16.757Z - [REQUEST]: Updated file-hasher based on watched changes, recomputing project graph...
[NX Daemon Server] - 2023-11-18T21:04:16.757Z - [REQUEST]: src/app/app.component.html
[NX Daemon Server] - 2023-11-18T21:04:16.757Z - [REQUEST]: 
[NX Daemon Server] - 2023-11-18T21:04:16.783Z - Time taken for 'hash changed files from watcher' 0.22360002994537354ms
[NX Daemon Server] - 2023-11-18T21:04:34.465Z - [WATCHER]: src/app/app.component.html was modified
[NX Daemon Server] - 2023-11-18T21:04:34.465Z - [WATCHER]: Processing file changes in outputs
[NX Daemon Server] - 2023-11-18T21:04:34.668Z - [WATCHER]: Processing file changes in outputs
[NX Daemon Server] - 2023-11-18T21:04:35.790Z - [WATCHER]: Processing file changes in outputs
[NX Daemon Server] - 2023-11-18T21:04:36.077Z - [REQUEST]: Updated file-hasher based on watched changes, recomputing project graph...
[NX Daemon Server] - 2023-11-18T21:04:36.078Z - [REQUEST]: src/app/app.component.html
[NX Daemon Server] - 2023-11-18T21:04:36.078Z - [REQUEST]: 
[NX Daemon Server] - 2023-11-18T21:04:36.129Z - Time taken for 'hash changed files from watcher' 0.19520002603530884ms
[NX Daemon Server] - 2023-11-18T21:04:39.662Z - [WATCHER]: Processing file changes in outputs
[NX Daemon Server] - 2023-11-18T21:04:39.663Z - [WATCHER]: src/app/app.component.html was modified
[NX Daemon Server] - 2023-11-18T21:04:42.878Z - [REQUEST]: Updated file-hasher based on watched changes, recomputing project graph...
[NX Daemon Server] - 2023-11-18T21:04:42.878Z - [REQUEST]: src/app/app.component.html
[NX Daemon Server] - 2023-11-18T21:04:42.878Z - [REQUEST]: 
[NX Daemon Server] - 2023-11-18T21:04:42.921Z - Time taken for 'hash changed files from watcher' 0.2789999842643738ms
[NX Daemon Server] - 2023-11-18T21:04:51.010Z - [WATCHER]: src/app/app.component.html was modified
[NX Daemon Server] - 2023-11-18T21:04:51.010Z - [WATCHER]: Processing file changes in outputs
[NX Daemon Server] - 2023-11-18T21:04:51.213Z - [WATCHER]: Processing file changes in outputs
[NX Daemon Server] - 2023-11-18T21:04:52.317Z - [WATCHER]: Processing file changes in outputs
[NX Daemon Server] - 2023-11-18T21:04:52.801Z - [WATCHER]: Processing file changes in outputs
[NX Daemon Server] - 2023-11-18T21:04:52.803Z - [WATCHER]: src/app/app.component.html was modified
[NX Daemon Server] - 2023-11-18T21:04:56.673Z - [WATCHER]: src/app/app.component.html was modified
[NX Daemon Server] - 2023-11-18T21:04:56.674Z - [WATCHER]: Processing file changes in outputs
[NX Daemon Server] - 2023-11-18T21:04:56.810Z - [WATCHER]: Processing file changes in outputs
[NX Daemon Server] - 2023-11-18T21:04:57.427Z - [REQUEST]: Updated file-hasher based on watched changes, recomputing project graph...
[NX Daemon Server] - 2023-11-18T21:04:57.427Z - [REQUEST]: src/app/app.component.html
[NX Daemon Server] - 2023-11-18T21:04:57.427Z - [REQUEST]: 
[NX Daemon Server] - 2023-11-18T21:04:57.471Z - Time taken for 'hash changed files from watcher' 0.2597999572753906ms
[NX Daemon Server] - 2023-11-18T21:04:57.888Z - [WATCHER]: Processing file changes in outputs
[NX Daemon Server] - 2023-11-18T21:05:08.106Z - [WATCHER]: src/app/app.component.html was modified
[NX Daemon Server] - 2023-11-18T21:05:08.107Z - [WATCHER]: Processing file changes in outputs
[NX Daemon Server] - 2023-11-18T21:05:11.285Z - [WATCHER]: Processing file changes in outputs
[NX Daemon Server] - 2023-11-18T21:05:11.288Z - [WATCHER]: src/app/app.component.html was modified
[NX Daemon Server] - 2023-11-18T21:05:11.439Z - [WATCHER]: Processing file changes in outputs
[NX Daemon Server] - 2023-11-18T21:05:12.545Z - [WATCHER]: Processing file changes in outputs
[NX Daemon Server] - 2023-11-18T21:05:14.518Z - [REQUEST]: Updated file-hasher based on watched changes, recomputing project graph...
[NX Daemon Server] - 2023-11-18T21:05:14.518Z - [REQUEST]: src/app/app.component.html
[NX Daemon Server] - 2023-11-18T21:05:14.518Z - [REQUEST]: 
[NX Daemon Server] - 2023-11-18T21:05:14.562Z - Time taken for 'hash changed files from watcher' 0.22049999237060547ms
[NX Daemon Server] - 2023-11-18T21:05:14.714Z - [WATCHER]: src/app/app.component.html was modified
[NX Daemon Server] - 2023-11-18T21:05:14.714Z - [WATCHER]: Processing file changes in outputs
[NX Daemon Server] - 2023-11-18T21:05:16.594Z - [WATCHER]: Processing file changes in outputs
[NX Daemon Server] - 2023-11-18T21:05:16.596Z - [WATCHER]: src/app/app.component.html was modified
[NX Daemon Server] - 2023-11-18T21:05:17.789Z - [WATCHER]: Processing file changes in outputs
[NX Daemon Server] - 2023-11-18T21:05:21.131Z - [REQUEST]: Updated file-hasher based on watched changes, recomputing project graph...
[NX Daemon Server] - 2023-11-18T21:05:21.131Z - [REQUEST]: src/app/app.component.html
[NX Daemon Server] - 2023-11-18T21:05:21.131Z - [REQUEST]: 
[NX Daemon Server] - 2023-11-18T21:05:21.178Z - Time taken for 'hash changed files from watcher' 0.21379995346069336ms
[NX Daemon Server] - 2023-11-18T21:05:54.202Z - [WATCHER]: Processing file changes in outputs
[NX Daemon Server] - 2023-11-18T21:05:54.204Z - [WATCHER]: src/app/app.component.css was modified
[NX Daemon Server] - 2023-11-18T21:05:56.171Z - [WATCHER]: Processing file changes in outputs
[NX Daemon Server] - 2023-11-18T21:05:57.318Z - [WATCHER]: Processing file changes in outputs
[NX Daemon Server] - 2023-11-18T21:05:57.370Z - [WATCHER]: Processing file changes in outputs
[NX Daemon Server] - 2023-11-18T21:06:00.625Z - [REQUEST]: Updated file-hasher based on watched changes, recomputing project graph...
[NX Daemon Server] - 2023-11-18T21:06:00.625Z - [REQUEST]: src/app/app.component.css
[NX Daemon Server] - 2023-11-18T21:06:00.625Z - [REQUEST]: 
[NX Daemon Server] - 2023-11-18T21:06:00.668Z - Time taken for 'hash changed files from watcher' 0.2579999566078186ms
[NX Daemon Server] - 2023-11-18T21:06:03.896Z - [WATCHER]: Processing file changes in outputs
[NX Daemon Server] - 2023-11-18T21:06:03.897Z - [WATCHER]: src/app/app.component.html was modified
[NX Daemon Server] - 2023-11-18T21:06:04.021Z - [WATCHER]: Processing file changes in outputs
[NX Daemon Server] - 2023-11-18T21:06:05.087Z - [WATCHER]: src/app/app.component.html was modified
[NX Daemon Server] - 2023-11-18T21:06:05.087Z - [WATCHER]: Processing file changes in outputs
[NX Daemon Server] - 2023-11-18T21:06:06.298Z - [WATCHER]: Processing file changes in outputs
[NX Daemon Server] - 2023-11-18T21:06:10.318Z - [REQUEST]: Updated file-hasher based on watched changes, recomputing project graph...
[NX Daemon Server] - 2023-11-18T21:06:10.318Z - [REQUEST]: src/app/app.component.html
[NX Daemon Server] - 2023-11-18T21:06:10.318Z - [REQUEST]: 
[NX Daemon Server] - 2023-11-18T21:06:10.363Z - Time taken for 'hash changed files from watcher' 0.21039998531341553ms
[NX Daemon Server] - 2023-11-18T21:06:33.421Z - [WATCHER]: Processing file changes in outputs
[NX Daemon Server] - 2023-11-18T21:06:33.422Z - [WATCHER]: src/app/app.component.css was modified
[NX Daemon Server] - 2023-11-18T21:06:33.624Z - [WATCHER]: Processing file changes in outputs
[NX Daemon Server] - 2023-11-18T21:06:34.713Z - [WATCHER]: Processing file changes in outputs
[NX Daemon Server] - 2023-11-18T21:06:39.841Z - [REQUEST]: Updated file-hasher based on watched changes, recomputing project graph...
[NX Daemon Server] - 2023-11-18T21:06:39.841Z - [REQUEST]: src/app/app.component.css
[NX Daemon Server] - 2023-11-18T21:06:39.841Z - [REQUEST]: 
[NX Daemon Server] - 2023-11-18T21:06:39.881Z - Time taken for 'hash changed files from watcher' 0.29409998655319214ms
[NX Daemon Server] - 2023-11-18T21:07:30.760Z - [WATCHER]: src/app/app.component.html was modified
[NX Daemon Server] - 2023-11-18T21:07:30.760Z - [WATCHER]: Processing file changes in outputs
[NX Daemon Server] - 2023-11-18T21:07:30.899Z - [WATCHER]: Processing file changes in outputs
[NX Daemon Server] - 2023-11-18T21:07:37.179Z - [REQUEST]: Updated file-hasher based on watched changes, recomputing project graph...
[NX Daemon Server] - 2023-11-18T21:07:37.179Z - [REQUEST]: src/app/app.component.html
[NX Daemon Server] - 2023-11-18T21:07:37.179Z - [REQUEST]: 
[NX Daemon Server] - 2023-11-18T21:07:37.222Z - Time taken for 'hash changed files from watcher' 0.3410000205039978ms
[NX Daemon Server] - 2023-11-18T21:07:43.715Z - Closed a connection. Number of open connections: 2
[NX Daemon Server] - 2023-11-18T21:07:43.715Z - Closed a connection. Number of open connections: 1
